# JRE version: Java(TM) SE Runtime Environment (17.0.4.1+1) (build 17.0.4.1+1-LTS-2)
# Java VM: Java HotSpot(TM) 64-Bit Server VM (17.0.4.1+1-LTS-2, mixed mode, sharing, tiered, compressed oops, compressed class ptrs, g1 gc, windows-amd64)
GC Precious Log:
 CPUs: 4 total, 4 available
 Memory: 3932M
 Large Page Support: Disabled
 NUMA Support: Disabled
 Compressed Oops: Enabled (32-bit)
 Heap Region Size: 1M
 Heap Min Capacity: 8M
 Heap Initial Capacity: 62M
 Heap Max Capacity: 984M
 Pre-touch: Disabled
 Parallel Workers: 4
 Concurrent Workers: 1
 Concurrent Refinement Workers: 4
 Periodic GC: Disabled
Heap:
 garbage-first heap   total 89088K, used 33629K [0x00000000c2800000, 0x0000000100000000)
  region size 1024K, 2 young (2048K), 2 survivors (2048K)
 Metaspace       used 27096K, committed 27456K, reserved 1081344K
  class space    used 3076K, committed 3200K, reserved 1048576K
GC Heap History (20 events):
Event: 3.443 GC heap after
{Heap after GC invocations=4 (full 0):
 garbage-first heap   total 63488K, used 9102K [0x00000000c2800000, 0x0000000100000000)
  region size 1024K, 5 young (5120K), 5 survivors (5120K)
 Metaspace       used 12713K, committed 12800K, reserved 1064960K
  class space    used 1485K, committed 1536K, reserved 1048576K
}
Event: 4.086 GC heap before
{Heap before GC invocations=4 (full 0):
 garbage-first heap   total 63488K, used 41870K [0x00000000c2800000, 0x0000000100000000)
  region size 1024K, 37 young (37888K), 5 survivors (5120K)
 Metaspace       used 13113K, committed 13312K, reserved 1064960K
  class space    used 1502K, committed 1600K, reserved 1048576K
}
Event: 4.111 GC heap after
{Heap after GC invocations=5 (full 0):
 garbage-first heap   total 63488K, used 12040K [0x00000000c2800000, 0x0000000100000000)
  region size 1024K, 3 young (3072K), 3 survivors (3072K)
 Metaspace       used 13113K, committed 13312K, reserved 1064960K
  class space    used 1502K, committed 1600K, reserved 1048576K
}
Event: 6.284 GC heap before
{Heap before GC invocations=5 (full 0):
 garbage-first heap   total 63488K, used 44808K [0x00000000c2800000, 0x0000000100000000)
  region size 1024K, 35 young (35840K), 3 survivors (3072K)
 Metaspace       used 14127K, committed 14400K, reserved 1064960K
  class space    used 1590K, committed 1728K, reserved 1048576K
}
Event: 6.295 GC heap after
{Heap after GC invocations=6 (full 0):
 garbage-first heap   total 63488K, used 14004K [0x00000000c2800000, 0x0000000100000000)
  region size 1024K, 3 young (3072K), 3 survivors (3072K)
 Metaspace       used 14127K, committed 14400K, reserved 1064960K
  class space    used 1590K, committed 1728K, reserved 1048576K
}
Event: 6.361 GC heap before
{Heap before GC invocations=6 (full 0):
 garbage-first heap   total 63488K, used 23220K [0x00000000c2800000, 0x0000000100000000)
  region size 1024K, 5 young (5120K), 3 survivors (3072K)
 Metaspace       used 14566K, committed 14784K, reserved 1064960K
  class space    used 1621K, committed 1728K, reserved 1048576K
}
Event: 6.367 GC heap after
{Heap after GC invocations=7 (full 0):
 garbage-first heap   total 63488K, used 22112K [0x00000000c2800000, 0x0000000100000000)
  region size 1024K, 3 young (3072K), 3 survivors (3072K)
 Metaspace       used 14566K, committed 14784K, reserved 1064960K
  class space    used 1621K, committed 1728K, reserved 1048576K
}
Event: 6.368 GC heap before
{Heap before GC invocations=7 (full 0):
 garbage-first heap   total 63488K, used 34400K [0x00000000c2800000, 0x0000000100000000)
  region size 1024K, 4 young (4096K), 3 survivors (3072K)
 Metaspace       used 14566K, committed 14784K, reserved 1064960K
  class space    used 1621K, committed 1728K, reserved 1048576K
}
Event: 6.372 GC heap after
{Heap after GC invocations=8 (full 0):
 garbage-first heap   total 84992K, used 34184K [0x00000000c2800000, 0x0000000100000000)
  region size 1024K, 2 young (2048K), 2 survivors (2048K)
 Metaspace       used 14566K, committed 14784K, reserved 1064960K
  class space    used 1621K, committed 1728K, reserved 1048576K
}
Event: 7.498 GC heap before
{Heap before GC invocations=8 (full 0):
 garbage-first heap   total 84992K, used 57736K [0x00000000c2800000, 0x0000000100000000)
  region size 1024K, 14 young (14336K), 2 survivors (2048K)
 Metaspace       used 16813K, committed 17088K, reserved 1064960K
  class space    used 1873K, committed 1984K, reserved 1048576K
}
Event: 7.505 GC heap after
{Heap after GC invocations=9 (full 0):
 garbage-first heap   total 84992K, used 14462K [0x00000000c2800000, 0x0000000100000000)
  region size 1024K, 3 young (3072K), 3 survivors (3072K)
 Metaspace       used 16813K, committed 17088K, reserved 1064960K
  class space    used 1873K, committed 1984K, reserved 1048576K
}
Event: 8.079 GC heap before
{Heap before GC invocations=9 (full 0):
 garbage-first heap   total 84992K, used 21630K [0x00000000c2800000, 0x0000000100000000)
  region size 1024K, 10 young (10240K), 3 survivors (3072K)
 Metaspace       used 21255K, committed 21504K, reserved 1073152K
  class space    used 2432K, committed 2560K, reserved 1048576K
}
Event: 8.085 GC heap after
{Heap after GC invocations=10 (full 0):
 garbage-first heap   total 84992K, used 15728K [0x00000000c2800000, 0x0000000100000000)
  region size 1024K, 4 young (4096K), 4 survivors (4096K)
 Metaspace       used 21255K, committed 21504K, reserved 1073152K
  class space    used 2432K, committed 2560K, reserved 1048576K
}
Event: 9.488 GC heap before
{Heap before GC invocations=11 (full 0):
 garbage-first heap   total 65536K, used 51568K [0x00000000c2800000, 0x0000000100000000)
  region size 1024K, 38 young (38912K), 4 survivors (4096K)
 Metaspace       used 23046K, committed 23360K, reserved 1073152K
  class space    used 2614K, committed 2752K, reserved 1048576K
}
Event: 9.507 GC heap after
{Heap after GC invocations=12 (full 0):
 garbage-first heap   total 69632K, used 29366K [0x00000000c2800000, 0x0000000100000000)
  region size 1024K, 5 young (5120K), 5 survivors (5120K)
 Metaspace       used 23046K, committed 23360K, reserved 1073152K
  class space    used 2614K, committed 2752K, reserved 1048576K
}
Event: 10.199 GC heap before
{Heap before GC invocations=12 (full 0):
 garbage-first heap   total 69632K, used 51894K [0x00000000c2800000, 0x0000000100000000)
  region size 1024K, 27 young (27648K), 5 survivors (5120K)
 Metaspace       used 24355K, committed 24640K, reserved 1073152K
  class space    used 2753K, committed 2880K, reserved 1048576K
}
Event: 10.210 GC heap after
{Heap after GC invocations=13 (full 0):
 garbage-first heap   total 69632K, used 32752K [0x00000000c2800000, 0x0000000100000000)
  region size 1024K, 3 young (3072K), 3 survivors (3072K)
 Metaspace       used 24355K, committed 24640K, reserved 1073152K
  class space    used 2753K, committed 2880K, reserved 1048576K
}
Event: 10.796 GC heap before
{Heap before GC invocations=13 (full 0):
 garbage-first heap   total 69632K, used 51184K [0x00000000c2800000, 0x0000000100000000)
  region size 1024K, 22 young (22528K), 3 survivors (3072K)
 Metaspace       used 25587K, committed 25856K, reserved 1073152K
  class space    used 2899K, committed 3008K, reserved 1048576K
}
Event: 10.805 GC heap after
{Heap after GC invocations=14 (full 0):
 garbage-first heap   total 69632K, used 33885K [0x00000000c2800000, 0x0000000100000000)
  region size 1024K, 1 young (1024K), 1 survivors (1024K)
 Metaspace       used 25587K, committed 25856K, reserved 1073152K
  class space    used 2899K, committed 3008K, reserved 1048576K
}
Event: 11.510 GC heap before
{Heap before GC invocations=14 (full 0):
 garbage-first heap   total 69632K, used 54365K [0x00000000c2800000, 0x0000000100000000)
  region size 1024K, 21 young (21504K), 1 survivors (1024K)
 Metaspace       used 27096K, committed 27456K, reserved 1081344K
  class space    used 3076K, committed 3200K, reserved 1048576K
}

